<?xml version="1.0" encoding="UTF-8"?>
<!-- Generated by org.testng.reporters.JUnitReportReporter -->
<testsuite hostname="DESKTOP-A2D8G1M" failures="0" tests="1" name="com.google.qa.FirstTest" time="34.840" errors="0" timestamp="29 abr. 2023 16:55:45 GMT" skipped="0">
  <testcase classname="com.google.qa.FirstTest" name="f" time="34.840"/>
</testsuite> <!-- com.google.qa.FirstTest -->
